<?xml version="1.0" encoding="UTF-8"?>
<!-- Generated by org.testng.reporters.JUnitReportReporter -->
<testsuite hostname="DESKTOP-A6UM1AS" name="executetestcase.launchingUrl" tests="1" failures="0" timestamp="23 Apr 2019 06:12:15 GMT" time="7.089" errors="0">
  <testcase name="afterClass" time="7.089" classname="executetestcase.launchingUrl"/>
</testsuite> <!-- executetestcase.launchingUrl -->
