<?xml version="1.0" encoding="UTF-8"?>
<!-- Generated by org.testng.reporters.JUnitReportReporter -->
<testsuite hostname="DESKTOP-A6UM1AS" name="CreateUser.usercreation" tests="1" failures="0" timestamp="24 Apr 2019 08:40:05 GMT" time="18.786" errors="0">
  <testcase name="init" time="18.786" classname="CreateUser.usercreation"/>
</testsuite> <!-- CreateUser.usercreation -->
