<?xml version="1.0" encoding="UTF-8"?>
<!-- Generated by org.testng.reporters.JUnitReportReporter -->
<testsuite hostname="DESKTOP-A6UM1AS" name="CreateUseronadmin.usercreation" tests="1" failures="0" timestamp="8 May 2019 07:20:39 GMT" time="16.916" errors="0">
  <testcase name="init" time="16.916" classname="CreateUseronadmin.usercreation"/>
</testsuite> <!-- CreateUseronadmin.usercreation -->
