<?xml version="1.0" encoding="UTF-8"?>
<!-- Generated by org.testng.reporters.JUnitReportReporter -->
<testsuite hostname="priya-h81m-s" name="executetestcase.launchingTest" tests="1" failures="0" timestamp="1 Mar 2019 06:43:11 GMT" time="0.000" errors="0">
  <testcase name="f" time="0.000" classname="executetestcase.launchingTest"/>
</testsuite> <!-- executetestcase.launchingTest -->
