<?xml version="1.0" encoding="UTF-8"?>
<!-- Generated by org.testng.reporters.JUnitReportReporter -->
<testsuite hostname="priya-h81m-s" name="facebook.url.launchingTest" tests="1" failures="0" timestamp="28 Feb 2019 09:03:21 GMT" time="0.002" errors="0">
  <testcase name="f" time="0.002" classname="facebook.url.launchingTest"/>
</testsuite> <!-- facebook.url.launchingTest -->
