<?xml version="1.0" encoding="UTF-8"?>
<!-- Generated by org.testng.reporters.JUnitReportReporter -->
<testsuite hostname="DESKTOP-A6UM1AS" name="Logintoapplication.Admin" tests="1" failures="0" timestamp="24 Apr 2019 08:48:54 GMT" time="8.642" errors="0">
  <testcase name="init" time="8.642" classname="Logintoapplication.Admin"/>
</testsuite> <!-- Logintoapplication.Admin -->
