<?xml version="1.0" encoding="UTF-8"?>
<!-- Generated by org.testng.reporters.JUnitReportReporter -->
<testsuite hostname="DESKTOP-A6UM1AS" name="Logintoapplication.App" tests="1" failures="0" timestamp="24 Apr 2019 08:48:33 GMT" time="10.250" errors="0">
  <testcase name="applogin" time="10.250" classname="Logintoapplication.App"/>
</testsuite> <!-- Logintoapplication.App -->
