<?xml version="1.0" encoding="UTF-8"?>
<!-- Generated by org.testng.reporters.JUnitReportReporter -->
<testsuite hostname="priya-h81m-s" name="facebook.url.launching" tests="1" failures="0" timestamp="26 Feb 2019 12:58:19 GMT" time="3.713" errors="0">
  <testcase name="beforeClass" time="3.713" classname="facebook.url.launching"/>
</testsuite> <!-- facebook.url.launching -->
